0 info it worked if it ends with ok
1 verbose cli [ 'C:\\Program Files\\nodejs\\node.exe',
1 verbose cli   'C:\\Program Files\\nodejs\\node_modules\\npm\\bin\\npm-cli.js',
1 verbose cli   'run',
1 verbose cli   'test' ]
2 info using npm@3.10.8
3 info using node@v6.9.1
4 verbose run-script [ 'pretest', 'test', 'posttest' ]
5 info lifecycle code-and-magick@0.1.0~pretest: code-and-magick@0.1.0
6 silly lifecycle code-and-magick@0.1.0~pretest: no script for pretest, continuing
7 info lifecycle code-and-magick@0.1.0~test: code-and-magick@0.1.0
8 verbose lifecycle code-and-magick@0.1.0~test: unsafe-perm in lifecycle true
9 verbose lifecycle code-and-magick@0.1.0~test: PATH: C:\Program Files\nodejs\node_modules\npm\bin\node-gyp-bin;E:\progr\JavaScript\MyProjects\code-and-magick\node_modules\.bin;C:\Program Files (x86)\cmder\bin;C:\Program Files (x86)\cmder\vendor\git-for-windows\cmd;C:\Program Files (x86)\cmder\vendor\conemu-maximus5\ConEmu\Scripts;C:\Program Files (x86)\cmder\vendor\conemu-maximus5;C:\Program Files (x86)\cmder\vendor\conemu-maximus5\ConEmu;C:\ProgramData\Oracle\Java\javapath;C:\Windows\system32;C:\Windows;C:\Windows\System32\Wbem;C:\Windows\System32\WindowsPowerShell\v1.0\;C:\Program Files (x86)\NVIDIA Corporation\PhysX\Common;C:\Program Files (x86)\Skype\Phone\;C:\Windows\system32\config\systemprofile\.dnx\bin;C:\Program Files\Microsoft DNX\Dnvm\;C:\Program Files\Microsoft SQL Server\130\Tools\Binn\;C:\Program Files (x86)\Windows Kits\8.1\Windows Performance Toolkit\;C:\Program Files\Microsoft SQL Server\120\Tools\Binn\;C:\Program Files (x86)\Smart Projects\IsoBuster;C:\Program Files\Common Files\Autodesk Shared\;C:\Program Files (x86)\TaoFramework\bin;C:\Program Files (x86)\TaoFramework\lib;C:\Program Files\nodejs\;C:\Program Files (x86)\TaoFramework\lib; C:\Program Files (x86)\TaoFramework\bin   ;C:\Users\Dvalian\AppData\Local\atom\bin;C:\Users\Dvalian\AppData\Roaming\npm;C:\Program Files (x86)\cmder\vendor\git-for-windows\usr\bin;C:\Program Files (x86)\cmder\vendor\git-for-windows\usr\share\vim\vim74;C:\Program Files (x86)\cmder\
10 verbose lifecycle code-and-magick@0.1.0~test: CWD: E:\progr\JavaScript\MyProjects\code-and-magick
11 silly lifecycle code-and-magick@0.1.0~test: Args: [ '/d /s /c', 'eslint build/js' ]
12 silly lifecycle code-and-magick@0.1.0~test: Returned: code: 1  signal: null
13 info lifecycle code-and-magick@0.1.0~test: Failed to exec test script
14 verbose stack Error: code-and-magick@0.1.0 test: `eslint build/js`
14 verbose stack Exit status 1
14 verbose stack     at EventEmitter.<anonymous> (C:\Program Files\nodejs\node_modules\npm\lib\utils\lifecycle.js:255:16)
14 verbose stack     at emitTwo (events.js:106:13)
14 verbose stack     at EventEmitter.emit (events.js:191:7)
14 verbose stack     at ChildProcess.<anonymous> (C:\Program Files\nodejs\node_modules\npm\lib\utils\spawn.js:40:14)
14 verbose stack     at emitTwo (events.js:106:13)
14 verbose stack     at ChildProcess.emit (events.js:191:7)
14 verbose stack     at maybeClose (internal/child_process.js:877:16)
14 verbose stack     at Process.ChildProcess._handle.onexit (internal/child_process.js:226:5)
15 verbose pkgid code-and-magick@0.1.0
16 verbose cwd E:\progr\JavaScript\MyProjects\code-and-magick
17 error Windows_NT 6.1.7601
18 error argv "C:\\Program Files\\nodejs\\node.exe" "C:\\Program Files\\nodejs\\node_modules\\npm\\bin\\npm-cli.js" "run" "test"
19 error node v6.9.1
20 error npm  v3.10.8
21 error code ELIFECYCLE
22 error code-and-magick@0.1.0 test: `eslint build/js`
22 error Exit status 1
23 error Failed at the code-and-magick@0.1.0 test script 'eslint build/js'.
23 error Make sure you have the latest version of node.js and npm installed.
23 error If you do, this is most likely a problem with the code-and-magick package,
23 error not with npm itself.
23 error Tell the author that this fails on your system:
23 error     eslint build/js
23 error You can get information on how to open an issue for this project with:
23 error     npm bugs code-and-magick
23 error Or if that isn't available, you can get their info via:
23 error     npm owner ls code-and-magick
23 error There is likely additional logging output above.
24 verbose exit [ 1, true ]